<?xml version="1.0" encoding="UTF-8"?>
<testsuite name="AppTest" tests="1" skipped="0" failures="0" errors="0" timestamp="2018-08-15T19:09:16" hostname="roostify-omair-khan-loaner" time="4.193">
  <properties/>
  <testcase name="testAppHasAGreeting" classname="AppTest" time="4.193"/>
  <system-out><![CDATA[]]></system-out>
  <system-err><![CDATA[]]></system-err>
</testsuite>
